<?xml version="1.0" encoding="UTF-8"?>
<!-- Generated by org.testng.reporters.JUnitReportReporter -->
<testsuite hostname="Manoj-Yadav" failures="0" tests="1" name="com.project.staragile.insureme.TestNGStar" time="4.414" errors="0" timestamp="2023-11-19T13:07:39 IST" skipped="0">
  <testcase classname="com.project.staragile.insureme.TestNGStar" name="verifyPageContent" time="4.414"/>
  <system-out/>
</testsuite> <!-- com.project.staragile.insureme.TestNGStar -->
